<?xml version="1.0" encoding="UTF-8"?>
<!-- Generated by org.testng.reporters.JUnitReportReporter -->
<testsuite hostname="PGPL-14" failures="0" tests="1" name="conselenium.Testngdemo" time="13.961" errors="0" timestamp="2023-05-19T11:59:47 IST" skipped="0">
  <testcase classname="conselenium.Testngdemo" name="renu" time="13.961"/>
  <system-out/>
</testsuite> <!-- conselenium.Testngdemo -->
