<?xml version="1.0" encoding="UTF-8"?>
<!-- Generated by org.testng.reporters.JUnitReportReporter -->
<testsuite hostname="PGPL-14" failures="0" tests="1" name="conselenium.renu$NewTest" time="15.243" errors="0" timestamp="2023-05-24T16:04:38 IST" skipped="0">
  <testcase classname="conselenium.renu$NewTest" name="f" time="15.243"/>
  <system-out/>
</testsuite> <!-- conselenium.renu$NewTest -->
