<?xml version="1.0" encoding="UTF-8"?>
<!-- Generated by org.testng.reporters.JUnitReportReporter -->
<testsuite hostname="PGPL-14" failures="0" tests="1" name="conselenium.NewTest" time="0.038" errors="0" timestamp="2023-05-16T11:51:17 IST" skipped="0">
  <testcase classname="conselenium.NewTest" name="f" time="0.038"/>
  <system-out/>
</testsuite> <!-- conselenium.NewTest -->
